::1 - - [02/Apr/2020:16:03:30 +0000] "GET /state/id/5e769b3b9575540a5828ab0a HTTP/1.1" 200 283 "-" "insomnia/7.1.1"
::1 - - [02/Apr/2020:16:03:49 +0000] "GET /state/ac HTTP/1.1" 200 273 "-" "insomnia/7.1.1"
::1 - - [02/Apr/2020:16:04:19 +0000] "GET /state/id/5e769b3b9575540a5828ab0a HTTP/1.1" 200 283 "-" "insomnia/7.1.1"
::1 - - [02/Apr/2020:16:04:38 +0000] "GET /state/id/5e769b3b9575540a5828ab0a HTTP/1.1" 200 273 "-" "insomnia/7.1.1"
::1 - - [02/Apr/2020:16:07:33 +0000] "GET /state/ac HTTP/1.1" 200 225 "-" "insomnia/7.1.1"
::1 - - [02/Apr/2020:17:25:03 +0000] "GET /state/ac HTTP/1.1" 200 225 "-" "insomnia/7.1.1"
::1 - - [02/Apr/2020:17:30:32 +0000] "GET /state/ HTTP/1.1" 200 6371 "-" "insomnia/7.1.1"
::1 - - [02/Apr/2020:17:30:50 +0000] "GET /state/ac HTTP/1.1" 200 235 "-" "insomnia/7.1.1"
::1 - - [02/Apr/2020:17:31:32 +0000] "GET /state/id/5e769b3b9575540a5828ab0a HTTP/1.1" 200 283 "-" "insomnia/7.1.1"
::1 - - [02/Apr/2020:17:35:52 +0000] "PUT /state/rs HTTP/1.1" 400 123 "-" "insomnia/7.1.1"
::1 - - [02/Apr/2020:17:36:32 +0000] "GET /state/ac HTTP/1.1" 200 235 "-" "insomnia/7.1.1"
::1 - - [02/Apr/2020:17:36:58 +0000] "PUT /state/rs HTTP/1.1" 200 298 "-" "insomnia/7.1.1"
::1 - - [02/Apr/2020:17:43:55 +0000] "GET /state/ HTTP/1.1" 200 6370 "-" "insomnia/7.1.1"
::1 - - [02/Apr/2020:18:08:43 +0000] "PUT /state/rs HTTP/1.1" 200 298 "-" "insomnia/7.1.1"
::1 - - [02/Apr/2020:18:09:14 +0000] "PUT /state/ac HTTP/1.1" 200 283 "-" "insomnia/7.1.1"
::1 - - [02/Apr/2020:19:14:17 +0000] "GET /region/ HTTP/1.1" 200 8515 "-" "insomnia/7.1.1"
::1 - - [02/Apr/2020:19:17:55 +0000] "GET /region/ HTTP/1.1" 200 433 "-" "insomnia/7.1.1"
::1 - - [02/Apr/2020:19:18:15 +0000] "GET /region/ HTTP/1.1" 200 2292 "-" "insomnia/7.1.1"
::1 - - [02/Apr/2020:19:19:21 +0000] "GET /region/ HTTP/1.1" 200 2292 "-" "insomnia/7.1.1"
::1 - - [02/Apr/2020:19:19:37 +0000] "GET /region/ HTTP/1.1" 200 4221 "-" "insomnia/7.1.1"
::1 - - [02/Apr/2020:19:21:13 +0000] "GET /region/ HTTP/1.1" 200 3006 "-" "insomnia/7.1.1"
::1 - - [02/Apr/2020:19:21:34 +0000] "GET /region/ HTTP/1.1" 200 2921 "-" "insomnia/7.1.1"
::1 - - [02/Apr/2020:20:01:32 +0000] "GET /region/5e7699829575540a5828ab05 HTTP/1.1" 200 2129 "-" "insomnia/7.1.1"
::1 - - [02/Apr/2020:20:02:12 +0000] "GET /region/5e7699829575540a5828ab05 HTTP/1.1" 200 2129 "-" "insomnia/7.1.1"
::1 - - [02/Apr/2020:20:03:07 +0000] "GET /region/5e7699d89575540a5828ab09 HTTP/1.1" 200 1038 "-" "insomnia/7.1.1"
::1 - - [02/Apr/2020:20:04:34 +0000] "GET /region/5e7699d89575540a5828ab09 HTTP/1.1" 404 65 "-" "insomnia/7.1.1"
::1 - - [02/Apr/2020:20:04:54 +0000] "GET /region/5e7699d89575540a5828ab09 HTTP/1.1" 200 1038 "-" "insomnia/7.1.1"
::1 - - [02/Apr/2020:20:06:08 +0000] "GET /region/5e7699d89575540a5828ab09 HTTP/1.1" 200 2084 "-" "insomnia/7.1.1"
::1 - - [02/Apr/2020:20:08:06 +0000] "GET /region/5e7699d89575540a5828ab09 HTTP/1.1" 200 1038 "-" "insomnia/7.1.1"
::1 - - [02/Apr/2020:20:08:42 +0000] "GET /region/5e7699d89575540a5828ab09 HTTP/1.1" 200 952 "-" "insomnia/7.1.1"
::1 - - [02/Apr/2020:20:10:26 +0000] "GET /region/5e7699d89575540a5828ab09 HTTP/1.1" 200 952 "-" "insomnia/7.1.1"
::1 - - [02/Apr/2020:20:16:59 +0000] "GET /region/5e7699d89575540a5828ab09 HTTP/1.1" 200 979 "-" "insomnia/7.1.1"
::1 - - [02/Apr/2020:20:17:52 +0000] "GET /region/5e7699d89575540a5828ab09 HTTP/1.1" 200 413 "-" "insomnia/7.1.1"
::1 - - [02/Apr/2020:20:24:15 +0000] "GET /region/ HTTP/1.1" 200 3006 "-" "insomnia/7.1.1"
::1 - - [02/Apr/2020:20:51:08 +0000] "GET /region/id/5e7699d89575540a5828ab09 HTTP/1.1" 200 413 "-" "insomnia/7.1.1"
::1 - - [02/Apr/2020:20:51:16 +0000] "GET /region/sul HTTP/1.1" 404 65 "-" "insomnia/7.1.1"
::1 - - [02/Apr/2020:20:51:35 +0000] "GET /region/ HTTP/1.1" 200 3006 "-" "insomnia/7.1.1"
::1 - - [02/Apr/2020:20:51:43 +0000] "GET /region/sul HTTP/1.1" 404 65 "-" "insomnia/7.1.1"
::1 - - [02/Apr/2020:20:54:01 +0000] "GET /region/sul HTTP/1.1" 404 65 "-" "insomnia/7.1.1"
::1 - - [02/Apr/2020:20:54:26 +0000] "GET /region/sul HTTP/1.1" 404 65 "-" "insomnia/7.1.1"
::1 - - [02/Apr/2020:21:04:44 +0000] "GET /region/sul HTTP/1.1" 404 65 "-" "insomnia/7.1.1"
::1 - - [02/Apr/2020:21:05:34 +0000] "GET /region/sul HTTP/1.1" 404 65 "-" "insomnia/7.1.1"
::1 - - [02/Apr/2020:21:06:36 +0000] "GET /region/sul HTTP/1.1" 404 65 "-" "insomnia/7.1.1"
::1 - - [02/Apr/2020:21:07:32 +0000] "GET /region/sul HTTP/1.1" 404 65 "-" "insomnia/7.1.1"
::1 - - [02/Apr/2020:21:12:58 +0000] "GET /region/sul HTTP/1.1" 404 65 "-" "insomnia/7.1.1"
::1 - - [02/Apr/2020:21:14:34 +0000] "GET /region/sul HTTP/1.1" 404 65 "-" "insomnia/7.1.1"
::1 - - [02/Apr/2020:21:24:41 +0000] "GET /region/sul HTTP/1.1" 404 65 "-" "insomnia/7.1.1"
::1 - - [02/Apr/2020:21:24:59 +0000] "GET /region/sul HTTP/1.1" 404 65 "-" "insomnia/7.1.1"
::1 - - [02/Apr/2020:21:26:46 +0000] "GET /region/sul HTTP/1.1" 404 65 "-" "insomnia/7.1.1"
::1 - - [02/Apr/2020:21:28:26 +0000] "GET /region/sul HTTP/1.1" 404 65 "-" "insomnia/7.1.1"
::1 - - [02/Apr/2020:21:28:43 +0000] "GET /region/sul HTTP/1.1" 404 65 "-" "insomnia/7.1.1"
::1 - - [02/Apr/2020:21:29:37 +0000] "GET /region/sul HTTP/1.1" 200 413 "-" "insomnia/7.1.1"
::1 - - [02/Apr/2020:21:29:52 +0000] "GET /region/sul HTTP/1.1" 200 413 "-" "insomnia/7.1.1"
::1 - - [02/Apr/2020:21:29:58 +0000] "GET /region/oeste HTTP/1.1" 404 65 "-" "insomnia/7.1.1"
::1 - - [02/Apr/2020:21:30:26 +0000] "GET /region/oeste HTTP/1.1" 404 29 "-" "insomnia/7.1.1"
::1 - - [02/Apr/2020:21:30:33 +0000] "GET /region/sudets HTTP/1.1" 404 29 "-" "insomnia/7.1.1"
::1 - - [02/Apr/2020:21:30:36 +0000] "GET /region/sudeste HTTP/1.1" 200 525 "-" "insomnia/7.1.1"
::1 - - [02/Apr/2020:21:34:04 +0000] "GET /region/sudeste HTTP/1.1" 200 530 "-" "insomnia/7.1.1"
::1 - - [02/Apr/2020:21:34:10 +0000] "GET /region/nordeste HTTP/1.1" 200 967 "-" "insomnia/7.1.1"
::1 - - [02/Apr/2020:21:35:08 +0000] "GET /region/nordeste HTTP/1.1" 200 967 "-" "insomnia/7.1.1"
::1 - - [02/Apr/2020:21:36:31 +0000] "GET /region/nordeste HTTP/1.1" 200 962 "-" "insomnia/7.1.1"
::1 - - [02/Apr/2020:21:39:04 +0000] "GET /region HTTP/1.1" 200 3006 "-" "insomnia/7.1.1"
::1 - - [02/Apr/2020:21:55:08 +0000] "POST /region/sdg HTTP/1.1" 404 150 "-" "insomnia/7.1.1"
::1 - - [02/Apr/2020:21:55:20 +0000] "GET /region/suljg HTTP/1.1" 400 171 "-" "insomnia/7.1.1"
::1 - - [02/Apr/2020:21:56:34 +0000] "POST /region/sdg HTTP/1.1" 404 150 "-" "insomnia/7.1.1"
::1 - - [02/Apr/2020:21:56:38 +0000] "POST /region/sdg HTTP/1.1" 404 150 "-" "insomnia/7.1.1"
::1 - - [02/Apr/2020:21:56:41 +0000] "POST /region HTTP/1.1" 400 141 "-" "insomnia/7.1.1"
::1 - - [02/Apr/2020:21:58:54 +0000] "GET /region/suljg HTTP/1.1" 400 171 "-" "insomnia/7.1.1"
::1 - - [02/Apr/2020:21:58:58 +0000] "GET /region/sul HTTP/1.1" 200 413 "-" "insomnia/7.1.1"
::1 - - [02/Apr/2020:21:59:03 +0000] "GET /region HTTP/1.1" 200 3006 "-" "insomnia/7.1.1"
::1 - - [02/Apr/2020:22:12:40 +0000] "GET /stats/total HTTP/1.1" 200 76 "-" "insomnia/7.1.1"
::1 - - [02/Apr/2020:22:12:48 +0000] "GET /stats/total HTTP/1.1" 200 76 "-" "insomnia/7.1.1"
::1 - - [02/Apr/2020:22:13:25 +0000] "GET /stats/total HTTP/1.1" 200 76 "-" "insomnia/7.1.1"
::1 - - [02/Apr/2020:22:13:27 +0000] "GET /stats/total HTTP/1.1" 200 76 "-" "insomnia/7.1.1"
::1 - - [02/Apr/2020:22:15:17 +0000] "GET /stats/total HTTP/1.1" 200 76 "-" "insomnia/7.1.1"
