dfef3d53-2bb7-4052-8782-ae653d45436f [Tue, 07 Apr 2020 15:29:28 GMT]" POST /region" 400 4.553 ms
9eccfdce-340c-4585-aa5b-bfe7512fc458 [Tue, 07 Apr 2020 15:32:04 GMT]" POST /region" 400 4.158 ms
be48b9ef-00e0-436f-beaa-8f4f8ae1c0f0 [Tue, 07 Apr 2020 15:32:39 GMT]" POST /region" 400 4.267 ms
01326e07-c9dc-47e0-8308-c3162b04b1fa [Tue, 07 Apr 2020 15:33:26 GMT]" POST /region" 400 3.851 ms
e504015b-4fc0-4b19-a316-bcc7e67f2313 [Tue, 07 Apr 2020 15:36:54 GMT]" POST /region" 400 4.912 ms
39b9db99-091e-4fd2-95e9-c2f3a3de23d2 [Tue, 07 Apr 2020 15:39:39 GMT]" POST /region/" 400 4.351 ms
4780600c-7e42-4a72-b837-6a4ce8fde278 [Tue, 07 Apr 2020 15:40:15 GMT]" POST /region/" 400 4.182 ms
d5eb8549-7992-4589-bcb3-2db099911c2a [Tue, 07 Apr 2020 15:40:46 GMT]" POST /region/" 400 4.323 ms
bc8e03e7-6b05-45e8-a163-85bcd0e3fd23 [Tue, 07 Apr 2020 15:41:39 GMT]" POST /region/" 400 4.245 ms
5b3b7728-52f6-48d4-9a05-48323351c470 [Tue, 07 Apr 2020 15:44:17 GMT]" POST /region" 400 5.029 ms
c556e0a2-c411-47e6-aa6b-b464b3da1b6f [Tue, 07 Apr 2020 15:48:23 GMT]" POST /region" 400 0.973 ms
80eec690-7ede-4ade-8b4b-8f6a6fd2c8e5 [Tue, 07 Apr 2020 15:54:59 GMT]" POST /region" 400 4.128 ms
b75290c5-49c2-463e-9648-1cca83c341a3 [Tue, 07 Apr 2020 15:55:48 GMT]" POST /region" 400 5.080 ms
af35461e-bf63-482b-94e9-51bd3fd440c4 [Tue, 07 Apr 2020 15:58:26 GMT]" POST /region" 400 4.116 ms
c4a5ae8c-a3c3-4b01-b593-ff83ec420346 [Tue, 07 Apr 2020 15:59:06 GMT]" POST /region" 400 3.845 ms
d564ef10-c768-4e36-8816-2ec2acaf9e1a [Tue, 07 Apr 2020 15:59:31 GMT]" DELETE /region/5e8ca3537264dc4bf8f7f6fd" 400 2.579 ms
415bdce8-9054-49fc-96ac-b31fe0b7ce3a [Tue, 07 Apr 2020 16:02:08 GMT]" POST /region" 400 4.089 ms
a763f912-95bf-4a40-9c97-46f824b2493f [Tue, 07 Apr 2020 16:02:30 GMT]" POST /region" 400 3.943 ms
77e41adf-0c70-4ba0-99b4-ba5d3bb6181e [Tue, 07 Apr 2020 16:53:44 GMT]" GET /state/ack" 400 4.921 ms
c3c57e24-96ba-4473-9f82-9070ca5fa86c [Tue, 07 Apr 2020 17:16:22 GMT]" POST /region" 404 395.421 ms
f0ded6ed-5cd8-4283-a625-4f941bb58e2f [Tue, 07 Apr 2020 17:21:14 GMT]" POST /region" 404 400.324 ms
258c6559-29cf-4310-86fc-4b9f3c6b8948 [Tue, 07 Apr 2020 20:18:58 GMT]" GET /region/region1" 400 3.502 ms
1e4f31fb-4a38-4ee9-a143-a3ff1fd0c479 [Tue, 07 Apr 2020 20:20:01 GMT]" GET /region/region1" 400 6.795 ms
9c6db086-07e4-4aad-8595-82fca656ba60 [Tue, 07 Apr 2020 20:21:01 GMT]" GET /region/region1" 400 3.099 ms
0f622a25-6b98-488d-9d90-4a17ab05aae2 [Tue, 07 Apr 2020 20:24:08 GMT]" GET /region/region1" 400 4.589 ms
2c06fe2d-efa6-47be-951d-8a289052674b [Tue, 07 Apr 2020 20:31:17 GMT]" POST /region" 400 5.071 ms
6941b6b8-f3a0-4cc4-96cc-b82301317828 [Tue, 07 Apr 2020 20:39:35 GMT]" GET /region/id/5e8ce50640f9bd193ccc3fb0" 404 351.033 ms
a33caaac-9f64-4e3d-af2d-c0824681e81d [Tue, 07 Apr 2020 20:42:04 GMT]" GET /region/id/5e8ce59b35fb4849ec7c0ca9" 404 319.499 ms
41e9cf04-fcce-4d3b-a379-41c7d989ea3f [Tue, 07 Apr 2020 20:42:38 GMT]" GET /region/id/5e7699d89575540a5828ab09" 404 381.318 ms
dad207e2-36d4-48c5-b8ed-d7d3a73c4621 [Tue, 07 Apr 2020 20:43:34 GMT]" GET /region/id/5e7699d89575540a5828ab09" 404 352.526 ms
0a5e41a8-7991-4e32-a2fe-db6a5d7f9842 [Tue, 07 Apr 2020 20:43:35 GMT]" GET /region/id/5e7699d89575540a5828ab09" 404 317.647 ms
99d3c2df-c16a-4e8f-ae03-995a41163729 [Tue, 07 Apr 2020 20:57:51 GMT]" PUT /region/5e8ce94f8db90d05489ce2e2" 400 6.941 ms
51cd699b-fcfb-4fbb-80c5-b06c099ee762 [Tue, 07 Apr 2020 21:47:05 GMT]" POST /state" 400 6.164 ms
8dcc3e2b-8c0d-4996-9198-90fb46083aee [Tue, 07 Apr 2020 21:48:03 GMT]" POST /state" 400 2.115 ms
0ca7f73b-a94f-48cb-b64a-e3d234fc5764 [Tue, 07 Apr 2020 21:48:52 GMT]" POST /state" 400 2.181 ms
d18afe31-b4ae-488e-9d89-0f8ce6669b5b [Tue, 07 Apr 2020 21:50:19 GMT]" POST /state" 400 2.167 ms
403192ff-eebf-4692-8508-32692ceebdad [Tue, 07 Apr 2020 21:50:47 GMT]" POST /state" 400 3.207 ms
82b27cbb-825a-4a4a-bb0a-5d30294b93de [Tue, 07 Apr 2020 22:21:29 GMT]" POST /state" 403 166.766 ms
9a2d03d9-bf0b-4e4b-abbd-5e0a39254bda [Tue, 07 Apr 2020 22:22:52 GMT]" POST /state" 403 180.053 ms
1be267c9-2ebd-4e87-a1b5-0c61da471ff2 [Tue, 07 Apr 2020 23:23:44 GMT]" GET /state/id/5e8d0b7f3fa322236067a6b4" 400 176.079 ms
66bb971e-a78c-4fe7-bbd6-50c6336481bf [Tue, 07 Apr 2020 23:24:28 GMT]" GET /state/id/5e8d0babf5b4f9219c5f011c" 400 172.103 ms
62947fcb-fcb5-431e-b3ef-9559d5f6962b [Wed, 08 Apr 2020 14:17:34 GMT]" POST /region" 403 192.107 ms
f0705292-3e46-4452-9324-caf9b43fabd2 [Wed, 08 Apr 2020 14:17:34 GMT]" POST /region" 404 10502.370 ms
57072d4a-4a97-4a47-8ea3-a9676174147b [Wed, 08 Apr 2020 14:18:22 GMT]" POST /region" 403 188.451 ms
d29bbc94-1e45-40e8-8611-6b9f55f361ed [Wed, 08 Apr 2020 14:18:22 GMT]" POST /region" 404 9599.177 ms
8b03a623-5b5c-4e81-9b98-e93d47b4dd9f [Wed, 08 Apr 2020 14:21:08 GMT]" POST /region" 403 183.692 ms
41164216-383c-44ed-a1c5-38f1e0bf2ad5 [Wed, 08 Apr 2020 14:21:08 GMT]" POST /region" 404 10318.407 ms
bf7bedbf-2688-4385-b9f1-055187bd245d [Wed, 08 Apr 2020 19:56:07 GMT]" POST /region" 403 202.680 ms
3ce65642-eee2-4fbd-9791-2145bc2376ef [Thu, 09 Apr 2020 22:56:50 GMT]" POST /region" 400 4.444 ms
59e26d1a-2c73-42aa-bd70-ba4ba06a43cf [Fri, 10 Apr 2020 20:47:07 GMT]" POST /user/reset_password" 400 156.221 ms
f6b28d0f-0ddb-4935-ab70-30c947416879 [Fri, 10 Apr 2020 21:23:24 GMT]" POST /user/register" 404 1.194 ms
2d1e2a08-3b98-4869-a4aa-edcf5709fcb2 [Fri, 10 Apr 2020 21:25:17 GMT]" POST /user/register" 404 1.488 ms
bff61cb2-0828-469f-996e-404e79d8a1ad [Fri, 10 Apr 2020 21:27:43 GMT]" POST /user/register" 400 14.046 ms
b1895fe7-5198-4937-b6fa-a4671170747c [Fri, 10 Apr 2020 21:28:34 GMT]" POST /user/register" 400 5.784 ms
2f23da21-7fb4-4520-87cb-bb7dd30c5643 [Fri, 10 Apr 2020 21:43:56 GMT]" POST /user/authenticate" 400 5.087 ms
b3328583-15dd-49d0-8b4c-0be93643ccd6 [Fri, 10 Apr 2020 21:44:02 GMT]" POST /user/reset_password" 400 0.823 ms
e8630b2e-be47-4da4-850c-43c4bc579cce [Fri, 10 Apr 2020 21:44:41 GMT]" POST /user/reset_password" 400 9.497 ms
c90da07c-fcaf-450c-a55d-8863a05bd32f [Fri, 10 Apr 2020 21:46:04 GMT]" POST /user/reset_password" 400 2.489 ms
415cbd11-9181-4ad8-9aa7-905e261346f2 [Sat, 11 Apr 2020 20:17:03 GMT]" POST /region" 401 2.735 ms
aa6808bc-7318-410a-bf13-a346d643e630 [Sat, 11 Apr 2020 20:19:37 GMT]" POST /region" 401 3.774 ms
a5f8e357-1100-415c-9cdb-d0f0f8fb07a6 [Sat, 11 Apr 2020 20:19:44 GMT]" POST /region" 401 3.165 ms
32e02ace-531f-4600-95b7-2316733897c3 [Sat, 11 Apr 2020 20:23:23 GMT]" POST /region" 401 2.661 ms
1da40cd5-d335-474a-a38c-657b8a3b99c7 [Sat, 11 Apr 2020 20:24:01 GMT]" POST /region" 401 2.644 ms
22772b2d-d692-40a2-be78-31805fcd4760 [Sat, 11 Apr 2020 20:43:07 GMT]" GET /state/SP" 404 163.171 ms
6e899856-b6d2-4bde-b6da-a57d9161e9cf [Sat, 11 Apr 2020 20:43:07 GMT]" GET /state/RJ" 404 140.591 ms
35d02212-3a40-45c1-8ecd-92d898b95787 [Sat, 11 Apr 2020 20:45:25 GMT]" POST /region" 401 1.340 ms
ae138351-c521-4671-9530-b73d36378df0 [Sat, 11 Apr 2020 20:45:25 GMT]" GET /state/SP" 404 170.362 ms
90dcb5ac-c3c1-43eb-a293-a0f78e1d1355 [Sat, 11 Apr 2020 20:45:25 GMT]" GET /state/RJ" 404 146.691 ms
a8e02ea5-d79b-4098-a3e8-1927163ffe10 [Sat, 11 Apr 2020 20:47:45 GMT]" GET /state/SP" 404 2064.777 ms
73d6c331-226b-4a03-95a4-37eeae6d2a2b [Sat, 11 Apr 2020 20:47:45 GMT]" GET /state/RJ" 404 151.417 ms
95f09863-3b9f-4f4f-a1ea-1932492638f7 [Sat, 11 Apr 2020 20:47:46 GMT]" POST /region" 401 0.890 ms
798fed99-4c0f-484c-9f1c-306d9f679bea [Sat, 11 Apr 2020 20:48:40 GMT]" POST /region" 401 1.119 ms
9d680f58-0ff4-4eae-a3f0-457321aee4b3 [Sat, 11 Apr 2020 20:48:40 GMT]" GET /state/SP" 404 151.852 ms
75e3d0d7-7477-4f74-8f04-1eb422d560b1 [Sat, 11 Apr 2020 20:48:41 GMT]" GET /state/RJ" 404 152.393 ms
5ade3e9d-7690-48c7-929d-8f9b8195d336 [Sat, 11 Apr 2020 21:00:17 GMT]" POST /user/register" 400 1977.065 ms
2d9f9dd8-2acc-4d63-83af-75efc664e2c2 [Sat, 11 Apr 2020 21:00:17 GMT]" POST /region" 401 1.398 ms
33c52881-9cf0-4b1b-bfc4-6022ac846c68 [Sat, 11 Apr 2020 21:03:33 GMT]" GET /state/undefined" 400 2.391 ms
0f8a9d3a-9cc2-4a4c-b77d-bf9e0d2abe13 [Sat, 11 Apr 2020 21:25:39 GMT]" POST /user/register" 400 2088.771 ms
674a505a-1fec-43b7-8c03-08a2ca434180 [Sat, 11 Apr 2020 21:26:15 GMT]" POST /user/register" 400 431.431 ms
65299a76-8e39-4676-9a6b-a4c380e49f47 [Sat, 11 Apr 2020 21:26:15 GMT]" POST /region" 401 1.295 ms
82a2047f-037c-4d0c-b287-5931b6e2c67d [Sat, 11 Apr 2020 21:26:16 GMT]" POST /region" 401 2.152 ms
9ce22bd9-d7b7-4a36-90ff-ec6ca654559f [Sat, 11 Apr 2020 21:26:16 GMT]" POST /region" 401 0.666 ms
bd3bca7e-f441-4568-883f-29829d4cd03e [Sat, 11 Apr 2020 21:26:17 GMT]" GET /region/norte" 404 152.459 ms
ff5f9fdf-f720-42b7-b1ce-cff1cc371915 [Sat, 11 Apr 2020 21:26:17 GMT]" POST /region" 401 0.758 ms
72fdd2b0-9ff9-4161-91c6-7a5b246ffc77 [Sat, 11 Apr 2020 21:26:17 GMT]" POST /region" 401 0.587 ms
22b7a888-01bd-488b-8dfa-04d5f8fde1aa [Sat, 11 Apr 2020 21:26:18 GMT]" POST /region" 401 1.201 ms
dc13c7c2-fe16-473a-8dd5-8b51579e55d2 [Sat, 11 Apr 2020 21:26:18 GMT]" POST /region" 401 0.362 ms
526b5d05-4d74-47b3-9a53-b2878c041b5c [Sat, 11 Apr 2020 21:26:19 GMT]" POST /region" 401 0.315 ms
b879109d-7255-4bd9-b184-1c50806271a5 [Sat, 11 Apr 2020 21:27:06 GMT]" POST /user/register" 400 427.018 ms
a8c09504-f2d1-4c28-9f30-801e86f896b2 [Sat, 11 Apr 2020 21:27:06 GMT]" POST /region" 401 1.327 ms
05daf4f9-e284-48ba-9167-f006f94b15cc [Sat, 11 Apr 2020 21:29:55 GMT]" POST /user/register" 400 2438.047 ms
a47af5d0-b29c-4e9c-87cb-e46f02a61c08 [Sat, 11 Apr 2020 21:29:56 GMT]" POST /user/register" 400 418.727 ms
1f80e5e8-074b-47f2-a513-4bab5090c956 [Sat, 11 Apr 2020 21:29:56 GMT]" POST /region" 401 1.278 ms
abd3eae6-cd2b-45a3-a03f-f493210de074 [Sat, 11 Apr 2020 21:31:48 GMT]" POST /user/register" 400 2392.004 ms
06c4069d-19af-412b-8640-170785e733cd [Sat, 11 Apr 2020 21:31:48 GMT]" POST /user/register" 400 2364.459 ms
807e0f9d-8e81-4eb1-b179-e4c6e98c4d8f [Sat, 11 Apr 2020 21:31:48 GMT]" POST /user/register" 400 416.634 ms
0c8d0a94-3458-4f16-9dda-ba49c14e748c [Sat, 11 Apr 2020 21:31:48 GMT]" POST /region" 401 1.710 ms
db118659-df36-4b40-84d7-90af59373fc6 [Sat, 11 Apr 2020 21:31:48 GMT]" POST /region" 401 1.503 ms
99c93ca8-1a1e-4f7c-a776-53d54b92ed15 [Sat, 11 Apr 2020 21:34:34 GMT]" POST /user/register" 400 2413.816 ms
3d953546-ef47-4eff-95aa-af3ba68e4202 [Sat, 11 Apr 2020 21:34:34 GMT]" POST /user/register" 400 173.220 ms
9e1a2b95-95c9-4821-a52f-ca69eea11a91 [Sat, 11 Apr 2020 21:34:34 GMT]" POST /region" 401 1.363 ms
e3844696-ae22-4baa-a436-26187c00ee7c [Sat, 11 Apr 2020 21:35:14 GMT]" POST /user/register" 400 154.543 ms
c0b467cb-ef26-4340-87a9-f8b63e677a6e [Sat, 11 Apr 2020 21:35:14 GMT]" POST /region" 401 1.422 ms
be8f42a6-5bea-4a4f-b15d-2b404ec3c293 [Sat, 11 Apr 2020 21:35:18 GMT]" POST /user/register" 400 5935.895 ms
4746d33e-14ea-401d-8a5d-27c307e6c498 [Sat, 11 Apr 2020 21:35:19 GMT]" POST /user/register" 400 7168.926 ms
62d16aa7-5d2a-4610-9bb3-647a5dd9948f [Sat, 11 Apr 2020 21:35:19 GMT]" POST /region" 401 2.816 ms
282f5ad6-3cd0-46a8-aa5f-6316d9307e40 [Sat, 11 Apr 2020 21:35:56 GMT]" POST /user/register" 400 2275.035 ms
3f8ef789-03b3-4494-afb2-88a8049d2887 [Sat, 11 Apr 2020 21:35:56 GMT]" POST /user/register" 400 2314.413 ms
e3b31289-9a8f-44f2-a3e2-2eadcef42d2f [Sat, 11 Apr 2020 21:35:56 GMT]" POST /user/register" 400 157.399 ms
c9738a54-f54f-4224-9809-5a191988d0c1 [Sat, 11 Apr 2020 21:35:56 GMT]" POST /region" 401 1.330 ms
4abe865e-fada-4dba-82b3-4db565120522 [Sat, 11 Apr 2020 21:40:17 GMT]" POST /user/register" 400 2172.678 ms
d2ac0a12-ed1f-4a0d-af7e-a3f084f50478 [Sat, 11 Apr 2020 21:40:17 GMT]" POST /user/register" 400 2370.966 ms
1e7eacad-011e-4633-8492-778f85ad6df4 [Sat, 11 Apr 2020 21:40:17 GMT]" POST /user/register" 400 2380.778 ms
73c01c24-5ade-41b4-89d3-f1683f0e2d11 [Sat, 11 Apr 2020 21:40:18 GMT]" POST /region" 401 1.217 ms
789c0eb1-40d0-4538-a7aa-28a77958cb63 [Sat, 11 Apr 2020 21:40:18 GMT]" GET /state/SP" 404 166.283 ms
859aa916-2469-453b-8c53-8e714def8dce [Sat, 11 Apr 2020 21:40:18 GMT]" GET /state/RJ" 404 163.461 ms
1ccc329a-d3ab-4336-b078-50e3c94c4e72 [Sat, 11 Apr 2020 21:40:19 GMT]" GET /state/SP" 404 164.228 ms
a9ec8fa7-f1b1-468d-8a29-b18f2aed7829 [Sat, 11 Apr 2020 21:43:26 GMT]" POST /user/register" 400 2303.888 ms
e55a08b9-ec68-4276-9fd0-95f82060e9fc [Sat, 11 Apr 2020 21:43:26 GMT]" POST /user/register" 400 2374.264 ms
9c1254d1-fda7-4f54-9085-60440919db9a [Sat, 11 Apr 2020 21:43:26 GMT]" POST /user/register" 400 2358.467 ms
c70501cd-e370-479e-8df4-41344064dd40 [Sat, 11 Apr 2020 21:43:28 GMT]" GET /state/SP" 404 142.889 ms
aec76ed2-e1cd-43fe-98f9-f79e51f3b5ec [Sat, 11 Apr 2020 21:44:52 GMT]" POST /user/register" 400 2435.979 ms
dc12187f-bd5b-407e-a262-fe31d392cc39 [Sat, 11 Apr 2020 21:44:52 GMT]" POST /user/register" 400 2380.025 ms
dd4e40bc-1531-4f3d-825b-e7a19b62c6bf [Sat, 11 Apr 2020 21:44:52 GMT]" POST /user/register" 400 2487.112 ms
ca3f4c26-fd1b-4394-9b9d-7bbd10825e7a [Sat, 11 Apr 2020 21:44:53 GMT]" POST /region" 401 1.438 ms
4a54d92e-f463-4250-b8dd-886134cc1f69 [Sat, 11 Apr 2020 21:44:53 GMT]" GET /state/SP" 404 160.164 ms
e5abbed6-c291-4c98-a50f-70d002390b31 [Sat, 11 Apr 2020 21:44:53 GMT]" GET /state/RJ" 404 160.602 ms
e7c4cc57-a697-4817-8ffa-eab5979e4e67 [Sat, 11 Apr 2020 21:44:54 GMT]" POST /region" 401 0.308 ms
af0218d2-b85e-435d-bc08-f95f8dccd5b3 [Sat, 11 Apr 2020 21:44:54 GMT]" GET /state/SP" 404 159.468 ms
be13bdbe-6f79-4e24-ad8c-4e7c87418a4e [Sat, 11 Apr 2020 21:45:34 GMT]" POST /user/register" 400 2269.187 ms
276131f0-ffe3-4f8f-9590-49cb3c153298 [Sat, 11 Apr 2020 21:45:34 GMT]" POST /user/register" 400 2333.390 ms
bb21fb88-21e6-401c-8e0e-269995070bf9 [Sat, 11 Apr 2020 21:45:34 GMT]" POST /user/register" 400 2381.106 ms
9bcb2f36-5583-459d-9428-619c43431dbf [Sat, 11 Apr 2020 21:45:34 GMT]" POST /region" 401 4.222 ms
b176dd55-1495-4650-b8eb-7e9a7f4c06f9 [Sat, 11 Apr 2020 21:45:35 GMT]" GET /state/SP" 404 163.001 ms
65375566-da3a-47ee-9d81-4056e792bc03 [Sat, 11 Apr 2020 21:45:35 GMT]" GET /state/RJ" 404 170.662 ms
162eb3e5-0f9d-4bc0-a418-31e230745cf7 [Sat, 11 Apr 2020 21:45:35 GMT]" POST /region" 401 0.367 ms
9d88c6ff-7699-4044-943b-8e904cdf3319 [Sat, 11 Apr 2020 21:45:35 GMT]" GET /state/SP" 404 165.123 ms
e7a7bf08-cd71-4d70-99df-54fd5e8797c9 [Sat, 11 Apr 2020 21:46:40 GMT]" POST /user/register" 400 2511.155 ms
f7d51edd-8612-4354-a18b-6df0c25e70d9 [Sat, 11 Apr 2020 21:46:40 GMT]" POST /user/register" 400 2540.771 ms
8a6ffb8c-ed61-432f-94fb-d2a7766ab375 [Sat, 11 Apr 2020 21:46:40 GMT]" POST /user/register" 400 2472.362 ms
2f5ca7c3-ec26-4967-bf73-0330dcf16795 [Sat, 11 Apr 2020 21:46:41 GMT]" POST /region" 401 1.424 ms
8ed7c337-72f5-4adf-82fc-d363b01fdfb8 [Sat, 11 Apr 2020 21:46:41 GMT]" GET /state/SP" 404 155.718 ms
ebf69ca7-6aef-47d3-8f1a-567652e86615 [Sat, 11 Apr 2020 21:46:41 GMT]" GET /state/RJ" 404 171.554 ms
c9cd54a0-99f7-4f8b-a36d-845b7624abb6 [Sat, 11 Apr 2020 21:46:42 GMT]" POST /region" 401 0.555 ms
dcc51cb1-c9b8-4215-ad38-1959ff51b0f8 [Sat, 11 Apr 2020 21:46:42 GMT]" GET /state/SP" 404 170.346 ms
2a2c7459-ae2d-4808-bd49-d4dab6e47606 [Sat, 11 Apr 2020 21:47:31 GMT]" POST /user/register" 400 2227.660 ms
06ecf186-bfd6-4142-aaa2-ba12174463b6 [Sat, 11 Apr 2020 21:47:31 GMT]" POST /user/register" 400 2404.534 ms
0d8d829d-8b5c-4a14-911c-e0856c52baea [Sat, 11 Apr 2020 21:47:31 GMT]" POST /user/register" 400 2390.452 ms
7cd23922-7b22-41f0-ba9d-47b9d621dc0e [Sat, 11 Apr 2020 21:47:32 GMT]" POST /region" 401 1.285 ms
7b7074c9-70dd-4d5b-b307-d002d652e102 [Sat, 11 Apr 2020 21:47:32 GMT]" GET /state/SP" 404 171.616 ms
96943f87-2bfb-47f9-ba5c-19542fcab789 [Sat, 11 Apr 2020 21:47:32 GMT]" GET /state/RJ" 404 163.774 ms
e95763d8-a89a-4650-85b1-db2a33975f6d [Sat, 11 Apr 2020 21:48:22 GMT]" POST /user/register" 400 2397.590 ms
6a87b815-55d8-41eb-a5d5-9a72080038e4 [Sat, 11 Apr 2020 21:48:22 GMT]" POST /user/register" 400 2494.418 ms
9e102255-8f13-46d1-b1d3-c0b4fdf34f3f [Sat, 11 Apr 2020 21:48:22 GMT]" POST /user/register" 400 2467.258 ms
f6a6645f-c9d4-4a9a-bbea-538da8e5a7d9 [Sat, 11 Apr 2020 21:48:22 GMT]" POST /region" 401 1.426 ms
02036d54-dd97-4cc1-83f1-912f0be9e7ff [Sat, 11 Apr 2020 21:48:22 GMT]" GET /state/SP" 404 176.148 ms
2d586c25-98b8-44af-a975-a374aa58f363 [Sat, 11 Apr 2020 21:48:23 GMT]" GET /state/RJ" 404 145.640 ms
0281746a-e64a-436d-a3a3-ee36264c8c5b [Sat, 11 Apr 2020 21:50:14 GMT]" POST /region" 401 2.956 ms
bb403518-b577-4763-a288-aefea74295b3 [Sat, 11 Apr 2020 21:50:15 GMT]" POST /user/register" 400 5947.098 ms
5a752123-52ee-4ab4-b41a-3b0b6b94919a [Sat, 11 Apr 2020 21:50:15 GMT]" POST /user/register" 400 6007.994 ms
6550cf27-9bf3-44fe-88f2-fb3e21ed9bce [Sat, 11 Apr 2020 21:50:16 GMT]" GET /state/SP" 404 2114.081 ms
d5c6d286-cab1-4bbd-82b4-61f2f57191ba [Sat, 11 Apr 2020 21:50:16 GMT]" GET /state/RJ" 404 148.096 ms
484ba3f5-8ca3-41fa-b8c4-1ee18d3297e1 [Sat, 11 Apr 2020 21:51:38 GMT]" POST /user/register" 400 2408.940 ms
e306909b-7b6e-472b-8507-618004e42272 [Sat, 11 Apr 2020 21:51:38 GMT]" POST /user/register" 400 2486.064 ms
206b04a1-466b-419a-ac98-1cc482976c2e [Sat, 11 Apr 2020 21:51:38 GMT]" POST /user/register" 400 161.518 ms
554ae28d-8650-4a2d-80c1-59130b5a6aab [Sat, 11 Apr 2020 21:51:39 GMT]" POST /region" 401 2.250 ms
64fa140e-1c73-42bc-8b5d-64792c04b73d [Sat, 11 Apr 2020 21:51:39 GMT]" GET /state/SP" 404 164.059 ms
af389665-ed20-4132-9140-e274260643f6 [Sat, 11 Apr 2020 21:51:39 GMT]" GET /state/RJ" 404 151.450 ms
5bda9bf0-8291-46ef-9b23-50448201b12b [Sat, 11 Apr 2020 21:53:43 GMT]" POST /user/register" 400 2034.295 ms
8d32c3d3-ae03-4d4d-b9f0-714c1757d721 [Sat, 11 Apr 2020 21:53:43 GMT]" POST /user/register" 400 2044.763 ms
472fa7ed-70fa-4272-9d8e-6d13d7b2993c [Sat, 11 Apr 2020 21:53:43 GMT]" POST /user/register" 400 2082.188 ms
fb6a4d12-3302-49a3-a445-11c23c78852f [Sat, 11 Apr 2020 21:54:26 GMT]" POST /user/register" 400 2179.052 ms
5dfe5de0-58ca-4367-93f6-67f101da9f58 [Sat, 11 Apr 2020 21:54:26 GMT]" POST /user/register" 400 2160.752 ms
c2295dd4-5a6f-4116-a067-dbc86fc2d5dc [Sat, 11 Apr 2020 21:54:26 GMT]" POST /user/register" 400 2250.769 ms
83b6879a-2c3d-4330-ac20-38213d3e5fdf [Sat, 11 Apr 2020 21:55:26 GMT]" POST /user/register" 400 2033.389 ms
58e811bc-9049-4bd8-86b0-87689c86a57c [Sat, 11 Apr 2020 21:55:26 GMT]" POST /user/register" 400 2133.923 ms
f51a233e-89ef-4c7a-9955-73640b00a8b8 [Sat, 11 Apr 2020 21:55:27 GMT]" POST /user/register" 400 2104.122 ms
77475419-116d-43a1-9d16-c5b6617732c4 [Sat, 11 Apr 2020 21:55:27 GMT]" POST /user/register" 400 2189.075 ms
5e5ebfee-25b3-4b36-bfe9-0ad4de3eb8a0 [Sat, 11 Apr 2020 21:55:27 GMT]" POST /region" 401 1.302 ms
226fb44a-710c-449e-8eef-2edab7ab5993 [Sat, 11 Apr 2020 21:55:27 GMT]" GET /state/SP" 404 157.947 ms
c4e15e13-86a0-4cbd-80bd-b1875c645936 [Sat, 11 Apr 2020 21:56:01 GMT]" POST /user/register" 400 2421.180 ms
4862ffe4-e89f-4f59-81d7-0e4d997cc098 [Sat, 11 Apr 2020 21:56:01 GMT]" POST /user/register" 400 2499.762 ms
bba94d6f-12ea-4847-996a-80a9f04f319a [Sat, 11 Apr 2020 21:56:01 GMT]" POST /user/register" 400 2463.290 ms
9ecf4903-0003-4c74-a598-30a166c879b6 [Sat, 11 Apr 2020 21:56:02 GMT]" POST /region" 401 2.791 ms
c1e16dc7-f912-4a46-8d5f-21ad63843c83 [Sat, 11 Apr 2020 21:56:02 GMT]" GET /state/SP" 404 145.013 ms
e527b7cf-2a8b-4c71-a944-08b467775578 [Sat, 11 Apr 2020 21:59:37 GMT]" POST /user/register" 400 2372.907 ms
cc781a4c-2e91-40bc-8bc4-3437d8395256 [Sat, 11 Apr 2020 21:59:37 GMT]" POST /user/register" 400 2405.977 ms
21e0c148-41ca-4609-a536-5e33ee7395b5 [Sat, 11 Apr 2020 21:59:38 GMT]" POST /user/register" 400 3207.258 ms
6a50a195-6aa6-4cf6-aab0-f7d5d205e7d9 [Sat, 11 Apr 2020 21:59:38 GMT]" POST /region" 401 1.308 ms
ff2e18d4-d772-4b44-9e41-23ba6fc4e58d [Sat, 11 Apr 2020 21:59:38 GMT]" GET /state/SP" 404 146.880 ms
00377498-1b42-4630-8192-c6281ead022e [Sat, 11 Apr 2020 22:01:55 GMT]" POST /user/register" 400 2268.518 ms
a681028d-7285-4293-b0b9-86fccf7f14c6 [Sat, 11 Apr 2020 22:01:55 GMT]" POST /user/register" 400 2351.485 ms
62c93c52-1718-4ac9-bb39-4a15f73d4b0c [Sat, 11 Apr 2020 22:02:27 GMT]" POST /user/register" 400 2041.598 ms
0ae7a7dc-2311-4b8f-be4c-34d385613ee3 [Sat, 11 Apr 2020 22:02:27 GMT]" POST /user/register" 400 2086.925 ms
ddd1ff08-a901-4ae7-861b-575968b85f6d [Sat, 11 Apr 2020 22:02:27 GMT]" POST /user/register" 400 2148.727 ms
1bb7e894-5066-4441-9b5c-ee45d9c99ad4 [Sat, 11 Apr 2020 22:02:27 GMT]" POST /user/register" 400 2246.121 ms
ac0c8ddf-a2ca-42cd-92e7-1f98334f335a [Sat, 11 Apr 2020 22:02:28 GMT]" POST /region" 401 1.374 ms
675515b2-9ac3-4070-980b-ab1a17b85131 [Sat, 11 Apr 2020 22:02:28 GMT]" GET /state/SP" 404 168.470 ms
3769e942-bca6-48d5-a5f6-a3bf5cb5e5b3 [Sat, 11 Apr 2020 22:03:39 GMT]" POST /user/register" 400 2295.974 ms
61f5aaf5-5b55-4aa3-b3d1-89d6bf6e8afa [Sat, 11 Apr 2020 22:03:39 GMT]" POST /user/register" 400 2337.022 ms
55d797c0-6f54-4706-a2b1-b9754b249236 [Sat, 11 Apr 2020 22:03:39 GMT]" POST /user/register" 400 2398.486 ms
2391cf3c-6108-436c-9028-a05642ffa703 [Sat, 11 Apr 2020 22:29:02 GMT]" POST /user/register" 400 2396.345 ms
3bf57d5a-30ee-4791-bc2b-fc8e7074f173 [Sat, 11 Apr 2020 22:29:02 GMT]" POST /user/register" 400 2338.980 ms
e7b507c3-0842-4e50-a1d1-660acb2bfd2b [Sat, 11 Apr 2020 22:29:06 GMT]" POST /user/register" 400 6021.594 ms
cac56430-02a2-4bfd-87b1-7c8385e2c65d [Sat, 11 Apr 2020 22:30:35 GMT]" POST /user/register" 400 2327.896 ms
600d902d-10de-407a-98e8-6a29664c0fc9 [Sat, 11 Apr 2020 22:30:35 GMT]" POST /user/register" 400 2342.997 ms
a7c408e7-9f63-4707-a25b-b21d106b133d [Sat, 11 Apr 2020 22:30:36 GMT]" POST /user/register" 400 2298.790 ms
0222d618-2569-45a0-94c4-0ad0cebc67b8 [Sat, 11 Apr 2020 22:32:52 GMT]" POST /user/register" 400 2418.104 ms
653a6a18-6130-4ab7-820e-dab34b75a738 [Sat, 11 Apr 2020 22:32:52 GMT]" POST /user/register" 400 2387.861 ms
20c8137f-4240-4ed5-a62e-a5ff470df090 [Sat, 11 Apr 2020 22:32:52 GMT]" POST /user/register" 400 2448.730 ms
ef80d267-61c3-43ea-a6fc-777257418dc1 [Sat, 11 Apr 2020 22:38:12 GMT]" POST /user/register" 400 2250.147 ms
db7d43ad-ffab-4e3a-aa95-3f37b0f56404 [Sat, 11 Apr 2020 22:38:12 GMT]" POST /user/register" 400 2446.871 ms
c155c806-494f-42a7-ac8b-9d0379807d5d [Sat, 11 Apr 2020 22:38:12 GMT]" POST /user/register" 400 2466.853 ms
22f41c88-a29e-467f-88d7-93945156fe0f [Sat, 11 Apr 2020 22:38:54 GMT]" POST /user/register" 400 2261.528 ms
57ff74c0-45a9-4b3f-a718-05ccb4f29a03 [Sat, 11 Apr 2020 22:38:55 GMT]" POST /user/register" 400 2308.570 ms
2dbb9623-ce2c-4beb-b784-b730a52b6a75 [Sat, 11 Apr 2020 22:38:55 GMT]" POST /user/register" 400 2350.629 ms
3b91e62b-9612-47ed-83de-d3ef1ab46038 [Sat, 11 Apr 2020 22:55:39 GMT]" GET /" 404 2.487 ms
cef25fb1-2ac1-4a6f-8b81-d0d456e3854a [Sat, 11 Apr 2020 22:55:43 GMT]" GET /api/v1/docs" 404 0.808 ms
4e30dc30-070b-4666-9e46-f7e5bb5635a4 [Mon, 13 Apr 2020 14:45:40 GMT]" GET /docs" 404 2.305 ms
84567833-1aa3-4e7f-80ce-e2f92e416fba [Mon, 13 Apr 2020 15:14:37 GMT]" GET /docs/" 404 4.253 ms
4f0d14eb-e240-48c0-ba85-2c132d90bfda [Mon, 13 Apr 2020 15:14:40 GMT]" GET /docs/" 404 0.821 ms
4df2c02f-280c-4661-941d-9f30dd625e97 [Mon, 13 Apr 2020 15:15:12 GMT]" GET /docs/" 404 2.442 ms
2e59aa97-9ff6-4345-a6c2-ba503ccf0de2 [Mon, 13 Apr 2020 15:15:13 GMT]" GET /docs/" 404 0.291 ms
991a8b41-ee78-4e40-9413-26f6b9a8a92b [Mon, 13 Apr 2020 18:58:25 GMT]" POST /user/register" 404 1.585 ms
c66cea8a-497f-4545-bbb3-db60e1103586 [Mon, 13 Apr 2020 19:56:09 GMT]" POST /users/register" 400 5.366 ms
8e3da097-bc5b-4570-aeb3-c4bd8e81d0a9 [Mon, 13 Apr 2020 19:59:43 GMT]" POST /users/register" 409 157.492 ms
53bcd4fb-e1c8-40af-ad28-121f609491dd [Mon, 13 Apr 2020 20:02:30 GMT]" POST /users/register" 400 3.631 ms
2b75570d-5c1c-4956-a15e-46d7eb40ef92 [Mon, 13 Apr 2020 21:42:52 GMT]" GET /doc" 404 2.604 ms
bb28bf58-17b3-4dc2-be01-90064f0c6ffe [Tue, 14 Apr 2020 18:58:56 GMT]" GET /states/id/5e7699be9575540a5828ab07" 400 1103.603 ms
940c310a-6b6c-4b02-9c51-823bae05619b [Tue, 14 Apr 2020 19:21:12 GMT]" GET /states/idfsdf" 400 6.078 ms
c528ba10-9e89-4d80-abaa-f0933b6a7fd7 [Tue, 14 Apr 2020 21:47:22 GMT]" PUT /states/ac" 401 1.967 ms
1690ac03-100f-42f0-8b93-cf14983a84da [Tue, 14 Apr 2020 22:29:21 GMT]" GET /doc" 404 1.395 ms
0cbfa3d8-c3fa-470d-a910-c53a3d2098ef [Wed, 15 Apr 2020 12:49:11 GMT]" POST /users/authenticate" 404 1082.401 ms
2d0c630b-f160-4f80-9988-f472b9805ccc [Wed, 15 Apr 2020 12:54:35 GMT]" POST /user/authenticate" 404 0.931 ms
f693aef7-c0fe-47c4-9629-ca99ea32f183 [Wed, 15 Apr 2020 12:54:37 GMT]" POST /user/authenticate" 404 0.107 ms
ef8df621-004d-42f2-b47e-eaa1ffd706c9 [Wed, 15 Apr 2020 12:58:26 GMT]" POST /user/authenticate" 404 0.101 ms
61a11079-952e-49d5-a3bd-dc722c67795a [Wed, 15 Apr 2020 12:58:27 GMT]" POST /user/authenticate" 404 0.076 ms
11a9ecb3-9c97-4807-8ccf-80b5745773fd [Wed, 15 Apr 2020 12:58:27 GMT]" POST /user/authenticate" 404 0.075 ms
1f98c802-23bb-4b7d-9ffb-ca27a43f5b86 [Wed, 15 Apr 2020 12:59:05 GMT]" POST /user/authenticate" 404 0.073 ms
df5301f6-f132-40ad-bfd3-7bd15f47bc0f [Wed, 15 Apr 2020 13:00:34 GMT]" POST /user/authenticate" 404 0.080 ms
0fc9f11e-0942-4291-acbb-1f0b6b7f8aee [Wed, 15 Apr 2020 13:00:35 GMT]" POST /user/authenticate" 404 0.079 ms
9b06abef-cb87-472d-98e4-f48bd56b647b [Wed, 15 Apr 2020 13:01:37 GMT]" POST /user/authenticate" 404 1.395 ms
f8a49ea2-4137-4ae5-b751-4be93406acf0 [Wed, 15 Apr 2020 13:01:38 GMT]" POST /user/authenticate" 404 0.202 ms
a5516572-1412-4539-a78d-08c0eb1a3ec6 [Wed, 15 Apr 2020 13:01:38 GMT]" POST /user/authenticate" 404 0.071 ms
e3f03fca-bf1a-429f-83b9-bfc738259372 [Wed, 15 Apr 2020 13:01:38 GMT]" POST /user/authenticate" 404 0.081 ms
54dc131d-dd85-40c7-a476-f2e744c28d51 [Wed, 15 Apr 2020 13:01:38 GMT]" POST /user/authenticate" 404 0.077 ms
badbf22e-5997-4464-8a2c-0a477d09566c [Wed, 15 Apr 2020 13:01:38 GMT]" POST /user/authenticate" 404 0.102 ms
c2fe9331-4b10-4732-9258-969672479e69 [Wed, 15 Apr 2020 13:01:39 GMT]" POST /user/authenticate" 404 0.188 ms
62f677b9-7f11-4b6d-b098-daeb84f17ff6 [Wed, 15 Apr 2020 13:02:30 GMT]" POST /user/authenticate" 404 0.386 ms
a44c890b-685e-4a82-ba3e-f8752c4c1207 [Wed, 15 Apr 2020 13:02:31 GMT]" POST /user/authenticate" 404 0.080 ms
80674e4e-e3bf-4e3f-a1b2-f2c44eb4c5f3 [Wed, 15 Apr 2020 13:02:31 GMT]" POST /user/authenticate" 404 0.078 ms
bc22e013-2600-40b6-8fbb-76eb53b91f97 [Wed, 15 Apr 2020 13:03:49 GMT]" POST /user/authenticate" 404 0.124 ms
437a2771-d7d4-400d-81ce-c4d5a4ea6e30 [Wed, 15 Apr 2020 13:03:50 GMT]" POST /user/authenticate" 404 0.070 ms
6937d561-e336-4307-b2ba-8c24e45f278e [Wed, 15 Apr 2020 13:03:52 GMT]" POST /user/authenticate" 404 0.089 ms
c976e986-195b-46e0-a45a-69c628e65e2c [Wed, 15 Apr 2020 13:03:52 GMT]" POST /user/authenticate" 404 0.176 ms
cb77c789-f540-4edc-b34e-792fac9645e6 [Wed, 15 Apr 2020 13:03:52 GMT]" POST /user/authenticate" 404 0.111 ms
e8ca03a1-e984-4df8-9f4d-e4e1d7364a9a [Wed, 15 Apr 2020 13:03:53 GMT]" POST /user/authenticate" 404 0.082 ms
a4d883de-b275-43b1-b7d5-222e53de0a7e [Wed, 15 Apr 2020 13:03:53 GMT]" POST /user/authenticate" 404 0.076 ms
d3fb008c-02d7-41d7-813d-e46ffc1683fa [Wed, 15 Apr 2020 13:04:10 GMT]" POST /users/authenticate" 401 264.420 ms
8bcace86-dc9c-4919-a56f-a3a4a84837bb [Wed, 15 Apr 2020 14:28:11 GMT]" POST /users/authenticate" 401 1241.835 ms
a9a9c0ca-929e-40f2-ad73-f02a8e8d50d1 [Wed, 15 Apr 2020 14:28:18 GMT]" POST /users/authenticate" 401 245.208 ms
5fd7d92e-c615-422e-b2e0-af8385fbc33e [Wed, 15 Apr 2020 14:28:23 GMT]" POST /users/authenticate" 401 247.242 ms
4980c7e5-0fa7-44c1-9a6b-aa6c06c2fff5 [Wed, 15 Apr 2020 14:28:40 GMT]" POST /users/authenticate" 401 235.883 ms
d41454ab-1d75-4859-8a95-64fee6ed00c7 [Wed, 15 Apr 2020 14:31:17 GMT]" PUT /states/AC" 400 2.764 ms
4bb81ba0-ed3b-4cde-b218-545fe1382911 [Wed, 15 Apr 2020 14:34:56 GMT]" PUT /states/AC" 400 4.599 ms
6807b0b4-d15a-494f-8493-75054aec6217 [Wed, 15 Apr 2020 14:36:06 GMT]" PUT /states/AC" 400 2.584 ms
bd42c488-2a81-4867-bbe2-53dc5b958257 [Wed, 15 Apr 2020 14:36:21 GMT]" PUT /states/AC" 400 0.990 ms
88e606d9-9d34-4ce2-a78e-b0d203229e6a [Wed, 15 Apr 2020 14:59:25 GMT]" PUT /states/AC" 400 4.351 ms
45f09269-16c5-48a7-9b0a-481cf75493a0 [Wed, 15 Apr 2020 15:00:39 GMT]" PUT /states/AC" 400 3.346 ms
3831c479-74d7-4f4e-9060-ec69d2293eec [Wed, 15 Apr 2020 15:01:10 GMT]" PUT /states/AC" 400 3.455 ms
7943fce8-c09f-4939-8af4-6e334e9f4123 [Wed, 15 Apr 2020 15:02:15 GMT]" PUT /states/AC" 400 4.061 ms
9571fba6-4f09-4edd-9904-564a6f933fc9 [Wed, 15 Apr 2020 15:02:38 GMT]" PUT /states/AC" 400 4.094 ms
77315446-dca2-4837-856b-affb652ad33e [Wed, 15 Apr 2020 17:26:51 GMT]" PUT /states/AC" 400 3.409 ms
56681eed-b2f9-494c-903d-cb4389518953 [Wed, 15 Apr 2020 17:28:55 GMT]" PUT /states/AC" 400 2.955 ms
2ed8208c-92d9-4aa5-b285-9fc3d3d79147 [Wed, 15 Apr 2020 17:31:13 GMT]" PUT /states/AC" 400 3.353 ms
c21c3610-34dc-4f14-b5c5-6e4041a83278 [Wed, 15 Apr 2020 17:32:34 GMT]" PUT /states/AC" 400 3.373 ms
8e593f38-fc93-4bc5-9610-624f760c4058 [Wed, 15 Apr 2020 17:48:01 GMT]" PUT /states/AC" 400 2.413 ms
1f140416-ec4f-40e8-86bf-87e7c8ad26f3 [Wed, 15 Apr 2020 18:00:05 GMT]" PUT /states/AC" 401 2.266 ms
1daa2567-8d17-44be-841d-00fdcdf79a68 [Wed, 15 Apr 2020 18:00:40 GMT]" PUT /states/AC" 401 0.394 ms
883c7413-31f7-425b-a2c5-ed303777326b [Wed, 15 Apr 2020 18:02:46 GMT]" PUT /states/AC" 401 3.550 ms
652d6c28-bb66-4728-947f-f60d0412a6be [Wed, 15 Apr 2020 20:57:20 GMT]" POST /users/register" 409 196.489 ms
3712558c-602e-4aa4-a073-86b239cf954e [Wed, 15 Apr 2020 21:33:42 GMT]" GET /regions/oeste" 400 3.777 ms
55a5b49e-6476-475e-8be5-f9579f32b606 [Wed, 15 Apr 2020 21:34:06 GMT]" GET /regions/este" 400 0.694 ms
e7168855-53a0-41b8-a119-7b9848f6818a [Wed, 15 Apr 2020 23:05:03 GMT]" GET /regions/sudfgh" 400 3.588 ms
