[2020-04-06T15:01:00.010] [INFO] default - Starting update cron.
[2020-04-06T15:01:11.768] [INFO] default - Cron job finished.
[2020-04-06T15:03:00.012] [INFO] default - Starting update cron.
[2020-04-06T15:03:08.145] [INFO] default - Database outdated. Starting update ...
[2020-04-06T15:03:13.292] [ERROR] default - Error parsing CSV file: ReferenceError: HEADER_TEXT is not defined
    at csvToJSON (D:\Guillermo\Informatica\covid-19-api\src\app\services\UpdateService.js:79:27)
    at Object.index (D:\Guillermo\Informatica\covid-19-api\src\app\services\UpdateService.js:37:30)
    at async CronJob.<anonymous> (D:\Guillermo\Informatica\covid-19-api\src\app\services\UpdateService.js:56:13)
[2020-04-06T15:03:13.458] [INFO] default - Cron job finished.
[2020-04-06T15:07:00.012] [INFO] default - Starting update cron.
[2020-04-06T15:07:06.312] [INFO] default - Database outdated. Starting update ...
[2020-04-06T15:07:11.441] [ERROR] default - Header fields does not match the pattern. Check CSV File
[2020-04-06T15:07:11.612] [INFO] default - Cron job finished.
[2020-04-06T15:16:00.012] [INFO] default - Starting update cron.
[2020-04-06T15:16:08.139] [INFO] default - Database outdated. Starting update ...
[2020-04-06T15:16:13.267] [ERROR] default - Header fields does not match the pattern. Check CSV File.
[2020-04-06T15:16:13.267] [ERROR] default - Error parsing CSV file: Error: Error in file headers. Update canceled.
    at csvToJSON (D:\Guillermo\Informatica\covid-19-api\src\app\services\UpdateService.js:93:19)
    at Object.index (D:\Guillermo\Informatica\covid-19-api\src\app\services\UpdateService.js:37:30)
    at async CronJob.<anonymous> (D:\Guillermo\Informatica\covid-19-api\src\app\services\UpdateService.js:56:13)
[2020-04-06T15:16:13.440] [INFO] default - Cron job finished.
[2020-04-06T15:32:00.023] [INFO] default - Starting update cron.
[2020-04-06T15:32:10.372] [INFO] default - Database outdated. Downloading new data ...
[2020-04-06T15:32:15.512] [ERROR] default - Error parsing CSV file: Error: Header fields does not match the pattern.
    at csvToJSON (D:\Guillermo\Informatica\covid-19-api\src\app\services\UpdateService.js:92:19)
    at Object.index (D:\Guillermo\Informatica\covid-19-api\src\app\services\UpdateService.js:37:30)
    at async CronJob.<anonymous> (D:\Guillermo\Informatica\covid-19-api\src\app\services\UpdateService.js:56:13)
[2020-04-06T15:32:15.704] [INFO] default - Cron job finished.
[2020-04-06T15:42:00.021] [INFO] default - Starting update cron.
[2020-04-06T15:42:10.985] [INFO] default - Database outdated. Downloading new data ...
[2020-04-06T15:42:16.147] [ERROR] default - Error parsing CSV file: Error: Header fields does not match the pattern.
    at csvToJSON (D:\Guillermo\Informatica\covid-19-api\src\app\services\UpdateService.js:92:19)
    at Object.index (D:\Guillermo\Informatica\covid-19-api\src\app\services\UpdateService.js:37:30)
    at async CronJob.<anonymous> (D:\Guillermo\Informatica\covid-19-api\src\app\services\UpdateService.js:56:13)
[2020-04-06T15:42:16.300] [INFO] default - Cron job finished.
[2020-04-07T18:00:00.012] [INFO] default - Starting update cron.
[2020-04-07T18:00:06.684] [INFO] default - Database up to date.
[2020-04-07T18:00:06.845] [INFO] default - Cron job finished.
[2020-04-10T18:00:00.008] [INFO] default - Starting update cron.
[2020-04-10T18:00:09.673] [ERROR] default - ReferenceError: getUpdateAt is not defined
    at Object.index (D:\Guillermo\Informatica\covid-19-api\src\app\services\UpdateService.js:30:30)
    at async CronJob.<anonymous> (D:\Guillermo\Informatica\covid-19-api\src\app\services\UpdateService.js:55:17)
[2020-04-10T18:00:09.834] [INFO] default - Cron job finished.
[2020-04-11T17:43:07.711] [ERROR] default - Error updating state: TypeError: Cannot read property 'save' of null
    at D:\Guillermo\Informatica\covid-19-api\src\app\services\UpdateService.js:111:25
    at processTicksAndRejections (internal/process/task_queues.js:85:5)
[2020-04-11T17:43:07.728] [ERROR] default - Error updating state: TypeError: Cannot read property 'save' of null
    at D:\Guillermo\Informatica\covid-19-api\src\app\services\UpdateService.js:111:25
    at processTicksAndRejections (internal/process/task_queues.js:85:5)
[2020-04-11T17:45:25.596] [ERROR] default - Error updating state: TypeError: Cannot read property 'save' of null
    at D:\Guillermo\Informatica\covid-19-api\src\app\services\UpdateService.js:111:25
    at processTicksAndRejections (internal/process/task_queues.js:85:5)
[2020-04-11T17:45:25.625] [ERROR] default - Error updating state: TypeError: Cannot read property 'save' of null
    at D:\Guillermo\Informatica\covid-19-api\src\app\services\UpdateService.js:111:25
    at processTicksAndRejections (internal/process/task_queues.js:85:5)
[2020-04-11T17:47:45.650] [ERROR] default - Error updating state: TypeError: Cannot read property 'save' of null
    at D:\Guillermo\Informatica\covid-19-api\src\app\services\UpdateService.js:111:25
    at processTicksAndRejections (internal/process/task_queues.js:85:5)
[2020-04-11T17:47:45.704] [ERROR] default - Error updating state: TypeError: Cannot read property 'save' of null
    at D:\Guillermo\Informatica\covid-19-api\src\app\services\UpdateService.js:111:25
    at processTicksAndRejections (internal/process/task_queues.js:85:5)
[2020-04-11T17:48:40.974] [ERROR] default - Error updating state: TypeError: Cannot read property 'save' of null
    at D:\Guillermo\Informatica\covid-19-api\src\app\services\UpdateService.js:111:25
    at processTicksAndRejections (internal/process/task_queues.js:85:5)
[2020-04-11T17:48:40.989] [ERROR] default - Error updating state: TypeError: Cannot read property 'save' of null
    at D:\Guillermo\Informatica\covid-19-api\src\app\services\UpdateService.js:111:25
    at processTicksAndRejections (internal/process/task_queues.js:85:5)
[2020-04-11T18:40:18.276] [ERROR] default - Error updating state: TypeError: Cannot read property 'save' of null
    at D:\Guillermo\Informatica\covid-19-api\src\app\services\UpdateService.js:111:25
    at processTicksAndRejections (internal/process/task_queues.js:85:5)
[2020-04-11T18:40:18.286] [ERROR] default - Error updating state: TypeError: Cannot read property 'save' of null
    at D:\Guillermo\Informatica\covid-19-api\src\app\services\UpdateService.js:111:25
    at processTicksAndRejections (internal/process/task_queues.js:85:5)
[2020-04-11T18:44:53.441] [ERROR] default - Error updating state: TypeError: Cannot read property 'save' of null
    at D:\Guillermo\Informatica\covid-19-api\src\app\services\UpdateService.js:111:25
    at processTicksAndRejections (internal/process/task_queues.js:85:5)
[2020-04-11T18:44:53.460] [ERROR] default - Error updating state: TypeError: Cannot read property 'save' of null
    at D:\Guillermo\Informatica\covid-19-api\src\app\services\UpdateService.js:111:25
    at processTicksAndRejections (internal/process/task_queues.js:85:5)
[2020-04-11T18:45:34.995] [ERROR] default - Error updating state: TypeError: Cannot read property 'save' of null
    at D:\Guillermo\Informatica\covid-19-api\src\app\services\UpdateService.js:111:25
    at processTicksAndRejections (internal/process/task_queues.js:85:5)
[2020-04-11T18:45:35.004] [ERROR] default - Error updating state: TypeError: Cannot read property 'save' of null
    at D:\Guillermo\Informatica\covid-19-api\src\app\services\UpdateService.js:111:25
    at processTicksAndRejections (internal/process/task_queues.js:85:5)
[2020-04-11T18:46:41.393] [ERROR] default - Error updating state: TypeError: Cannot read property 'save' of null
    at D:\Guillermo\Informatica\covid-19-api\src\app\services\UpdateService.js:111:25
    at processTicksAndRejections (internal/process/task_queues.js:85:5)
[2020-04-11T18:46:41.406] [ERROR] default - Error updating state: TypeError: Cannot read property 'save' of null
    at D:\Guillermo\Informatica\covid-19-api\src\app\services\UpdateService.js:111:25
    at processTicksAndRejections (internal/process/task_queues.js:85:5)
[2020-04-11T18:47:32.704] [ERROR] default - Error updating state: TypeError: Cannot read property 'save' of null
    at D:\Guillermo\Informatica\covid-19-api\src\app\services\UpdateService.js:111:25
    at processTicksAndRejections (internal/process/task_queues.js:85:5)
[2020-04-11T18:47:32.732] [ERROR] default - Error updating state: TypeError: Cannot read property 'save' of null
    at D:\Guillermo\Informatica\covid-19-api\src\app\services\UpdateService.js:111:25
    at processTicksAndRejections (internal/process/task_queues.js:85:5)
[2020-04-11T18:48:22.911] [ERROR] default - Error updating state: TypeError: Cannot read property 'save' of null
    at D:\Guillermo\Informatica\covid-19-api\src\app\services\UpdateService.js:111:25
    at processTicksAndRejections (internal/process/task_queues.js:85:5)
[2020-04-11T18:48:22.932] [ERROR] default - Error updating state: TypeError: Cannot read property 'save' of null
    at D:\Guillermo\Informatica\covid-19-api\src\app\services\UpdateService.js:111:25
    at processTicksAndRejections (internal/process/task_queues.js:85:5)
[2020-04-11T18:50:16.658] [ERROR] default - Error updating state: TypeError: Cannot read property 'save' of null
    at D:\Guillermo\Informatica\covid-19-api\src\app\services\UpdateService.js:111:25
    at processTicksAndRejections (internal/process/task_queues.js:85:5)
[2020-04-11T18:50:16.738] [ERROR] default - Error updating state: TypeError: Cannot read property 'save' of null
    at D:\Guillermo\Informatica\covid-19-api\src\app\services\UpdateService.js:111:25
    at processTicksAndRejections (internal/process/task_queues.js:85:5)
[2020-04-11T18:51:39.284] [ERROR] default - Error updating state: TypeError: Cannot read property 'save' of null
    at D:\Guillermo\Informatica\covid-19-api\src\app\services\UpdateService.js:111:25
    at processTicksAndRejections (internal/process/task_queues.js:85:5)
[2020-04-11T18:51:39.299] [ERROR] default - Error updating state: TypeError: Cannot read property 'save' of null
    at D:\Guillermo\Informatica\covid-19-api\src\app\services\UpdateService.js:111:25
    at processTicksAndRejections (internal/process/task_queues.js:85:5)
[2020-04-11T19:32:53.616] [ERROR] default - Error parsing CSV file: TypeError: date.getDate is not a function
    at formatDate (D:\Guillermo\Informatica\covid-19-api\src\app\utils\date.js:3:26)
    at csvToJSON (D:\Guillermo\Informatica\covid-19-api\src\app\services\UpdateService.js:71:26)
    at Object.<anonymous> (D:\Guillermo\Informatica\covid-19-api\__tests__\integration\update.spec.js:101:25)
    at Object.asyncJestTest (D:\Guillermo\Informatica\covid-19-api\node_modules\jest-jasmine2\build\jasmineAsyncInstall.js:100:37)
    at D:\Guillermo\Informatica\covid-19-api\node_modules\jest-jasmine2\build\queueRunner.js:45:12
    at new Promise (<anonymous>)
    at mapper (D:\Guillermo\Informatica\covid-19-api\node_modules\jest-jasmine2\build\queueRunner.js:28:19)
    at D:\Guillermo\Informatica\covid-19-api\node_modules\jest-jasmine2\build\queueRunner.js:75:41
    at processTicksAndRejections (internal/process/task_queues.js:85:5)
[2020-04-11T19:38:55.795] [ERROR] default - Error parsing CSV file: TypeError: date.getDate is not a function
    at formatDate (D:\Guillermo\Informatica\covid-19-api\src\app\utils\date.js:3:26)
    at csvToJSON (D:\Guillermo\Informatica\covid-19-api\src\app\services\UpdateService.js:71:26)
    at Object.<anonymous> (D:\Guillermo\Informatica\covid-19-api\__tests__\integration\update.spec.js:105:25)
    at Object.asyncJestTest (D:\Guillermo\Informatica\covid-19-api\node_modules\jest-jasmine2\build\jasmineAsyncInstall.js:100:37)
    at D:\Guillermo\Informatica\covid-19-api\node_modules\jest-jasmine2\build\queueRunner.js:45:12
    at new Promise (<anonymous>)
    at mapper (D:\Guillermo\Informatica\covid-19-api\node_modules\jest-jasmine2\build\queueRunner.js:28:19)
    at D:\Guillermo\Informatica\covid-19-api\node_modules\jest-jasmine2\build\queueRunner.js:75:41
    at processTicksAndRejections (internal/process/task_queues.js:85:5)
[2020-04-13T18:00:00.021] [INFO] default - Starting update cron.
[2020-04-13T18:00:09.561] [ERROR] default - ReferenceError: getUpdateAt is not defined
    at Object.index (D:\Guillermo\Informatica\covid-19-api\src\app\services\UpdateService.js:30:30)
    at async CronJob.<anonymous> (D:\Guillermo\Informatica\covid-19-api\src\app\services\UpdateService.js:55:17)
[2020-04-13T18:00:09.773] [INFO] default - Cron job finished.
[2020-04-14T18:44:07.594] [INFO] default - Starting update cron.
[2020-04-14T18:44:25.271] [ERROR] default - ReferenceError: getUpdateAt is not defined
    at Object.index (D:\Guillermo\Informatica\covid-19-api\src\app\services\UpdateService.js:30:30)
    at async CronJob.<anonymous> (D:\Guillermo\Informatica\covid-19-api\src\app\services\UpdateService.js:55:17)
[2020-04-14T18:44:25.485] [INFO] default - Cron job finished.
[2020-04-15T18:00:00.007] [INFO] default - Starting update cron.
[2020-04-15T18:00:07.343] [ERROR] default - ReferenceError: getUpdateAt is not defined
    at Object.index (D:\Guillermo\Informatica\covid-19-api\src\app\services\UpdateService.js:30:30)
    at async CronJob.<anonymous> (D:\Guillermo\Informatica\covid-19-api\src\app\services\UpdateService.js:55:17)
[2020-04-15T18:00:07.506] [INFO] default - Cron job finished.
[2020-04-16T18:00:00.011] [INFO] default - Starting update cron.
[2020-04-16T18:00:21.870] [ERROR] default - ReferenceError: getUpdateAt is not defined
    at Object.index (D:\Guillermo\Informatica\covid-19-api\src\app\services\UpdateService.js:30:30)
    at async CronJob.<anonymous> (D:\Guillermo\Informatica\covid-19-api\src\app\services\UpdateService.js:55:17)
[2020-04-16T18:00:22.070] [INFO] default - Cron job finished.
[2020-06-16T14:23:00.013] [INFO] default - Starting update cron.
[2020-06-16T14:23:12.087] [ERROR] default - Error getting update time: TypeError: Cannot read property 'getProperty' of undefined
    at getUpdateAt (D:\Guillermo\Informatica\covid-19-api\src\app\services\UpdateService.js:136:35)
    at processTicksAndRejections (internal/process/task_queues.js:85:5)
    at async Object.index (D:\Guillermo\Informatica\covid-19-api\src\app\services\UpdateService.js:30:30)
    at async CronJob.<anonymous> (D:\Guillermo\Informatica\covid-19-api\src\app\services\UpdateService.js:56:17)
[2020-06-16T14:23:12.268] [INFO] default - Database up to date.
[2020-06-16T14:23:12.630] [INFO] default - Cron job finished.
[2020-06-16T14:37:00.015] [INFO] default - Starting update cron.
[2020-06-16T14:37:11.004] [INFO] default - Database up to date.
[2020-06-16T14:37:11.341] [INFO] default - Cron job finished.
[2020-06-16T14:45:00.009] [INFO] default - Starting update cron.
[2020-06-16T14:45:11.633] [INFO] default - Database up to date.
[2020-06-16T14:45:11.950] [INFO] default - Cron job finished.
[2020-06-16T14:47:00.015] [INFO] default - Starting update cron.
[2020-06-16T14:47:09.689] [INFO] default - Database up to date.
[2020-06-16T14:47:10.116] [INFO] default - Cron job finished.
[2020-06-16T14:55:00.007] [INFO] default - Starting update cron.
[2020-06-16T14:55:10.910] [INFO] default - Database up to date.
[2020-06-16T14:55:11.220] [INFO] default - Cron job finished.
[2020-06-16T14:58:00.028] [INFO] default - Starting update cron.
[2020-06-16T14:58:09.055] [INFO] default - Database up to date.
[2020-06-16T14:58:09.397] [INFO] default - Cron job finished.
[2020-06-16T15:01:00.009] [INFO] default - Starting update cron.
[2020-06-16T15:01:09.478] [INFO] default - Database up to date.
[2020-06-16T15:01:09.781] [INFO] default - Cron job finished.
[2020-06-16T15:03:00.008] [INFO] default - Starting update cron.
[2020-06-16T15:03:08.381] [INFO] default - Database up to date.
[2020-06-16T15:03:08.705] [INFO] default - Cron job finished.
[2020-06-16T15:14:00.010] [INFO] default - Starting update cron.
[2020-06-16T15:14:11.499] [INFO] default - Database up to date.
[2020-06-16T15:14:11.814] [INFO] default - Cron job finished.
[2020-06-16T15:17:00.009] [INFO] default - Starting update cron.
[2020-06-16T15:17:08.566] [INFO] default - Database up to date.
[2020-06-16T15:17:08.884] [INFO] default - Cron job finished.
[2020-06-16T15:22:00.009] [INFO] default - Starting update cron.
[2020-06-16T15:22:08.401] [INFO] default - Database up to date.
[2020-06-16T15:22:08.715] [INFO] default - Cron job finished.
[2020-06-16T15:23:00.010] [INFO] default - Starting update cron.
[2020-06-16T15:23:10.279] [INFO] default - Database up to date.
[2020-06-16T15:23:10.611] [INFO] default - Cron job finished.
[2020-06-16T15:26:00.009] [INFO] default - Starting update cron.
[2020-06-16T15:26:08.690] [INFO] default - Database outdated. Downloading new data ...
[2020-06-16T15:26:09.331] [ERROR] default - TypeError: Cannot read property 'click' of undefined
    at downloadCSVFile (D:\Guillermo\Informatica\covid-19-api\src\app\services\UpdateService.js:127:22)
    at processTicksAndRejections (internal/process/task_queues.js:85:5)
    at async index (D:\Guillermo\Informatica\covid-19-api\src\app\services\UpdateService.js:54:13)
    at async CronJob.<anonymous> (D:\Guillermo\Informatica\covid-19-api\src\app\services\UpdateService.js:27:17)
[2020-06-16T15:26:09.650] [INFO] default - Cron job finished.
[2020-06-16T15:34:00.011] [INFO] default - Starting update cron.
[2020-06-16T15:34:09.277] [INFO] default - Database outdated. Downloading new data ...
[2020-06-16T15:34:10.531] [ERROR] default - TypeError: Cannot read property 'click' of undefined
    at downloadCSVFile (D:\Guillermo\Informatica\covid-19-api\src\app\services\UpdateService.js:128:22)
    at processTicksAndRejections (internal/process/task_queues.js:85:5)
    at async index (D:\Guillermo\Informatica\covid-19-api\src\app\services\UpdateService.js:55:13)
    at async CronJob.<anonymous> (D:\Guillermo\Informatica\covid-19-api\src\app\services\UpdateService.js:27:17)
[2020-06-16T15:34:10.857] [INFO] default - Cron job finished.
[2020-06-16T15:39:00.010] [INFO] default - Starting update cron.
[2020-06-16T15:39:11.233] [INFO] default - Database outdated. Downloading new data ...
[2020-06-16T15:39:11.240] [ERROR] default - TypeError: Cannot read property 'click' of undefined
    at downloadCSVFile (D:\Guillermo\Informatica\covid-19-api\src\app\services\UpdateService.js:128:22)
    at processTicksAndRejections (internal/process/task_queues.js:85:5)
    at async index (D:\Guillermo\Informatica\covid-19-api\src\app\services\UpdateService.js:54:13)
    at async CronJob.<anonymous> (D:\Guillermo\Informatica\covid-19-api\src\app\services\UpdateService.js:27:17)
[2020-06-16T15:39:11.538] [INFO] default - Cron job finished.
[2020-06-16T15:42:00.009] [INFO] default - Starting update cron.
[2020-06-16T15:42:09.244] [INFO] default - Database up to date.
[2020-06-16T15:42:09.575] [INFO] default - Cron job finished.
[2020-06-16T15:43:00.010] [INFO] default - Starting update cron.
[2020-06-16T15:43:09.316] [INFO] default - Database outdated. Downloading new data ...
[2020-06-16T15:43:15.979] [ERROR] default - Error parsing CSV file: Error: Header fields does not match the pattern.
    at csvToJSON (D:\Guillermo\Informatica\covid-19-api\src\app\services\UpdateService.js:91:23)
    at index (D:\Guillermo\Informatica\covid-19-api\src\app\services\UpdateService.js:55:26)
    at async CronJob.<anonymous> (D:\Guillermo\Informatica\covid-19-api\src\app\services\UpdateService.js:27:17)
[2020-06-16T15:43:16.303] [INFO] default - Cron job finished.
[2020-06-16T15:53:00.010] [INFO] default - Starting update cron.
[2020-06-16T15:53:11.400] [INFO] default - Database up to date.
[2020-06-16T15:53:11.709] [INFO] default - Cron job finished.
[2020-06-16T15:57:00.008] [INFO] default - Starting update cron.
[2020-06-16T15:57:09.071] [INFO] default - Database up to date.
[2020-06-16T15:57:09.371] [INFO] default - Cron job finished.
[2020-06-16T15:59:00.013] [INFO] default - Starting update cron.
[2020-06-16T15:59:07.348] [INFO] default - Database outdated. Downloading new data ...
[2020-06-16T15:59:13.935] [ERROR] default - Error parsing CSV file: Error: Header fields does not match the pattern.
    at csvToJSON (D:\Guillermo\Informatica\covid-19-api\src\app\services\UpdateService.js:92:23)
    at index (D:\Guillermo\Informatica\covid-19-api\src\app\services\UpdateService.js:55:26)
    at async CronJob.<anonymous> (D:\Guillermo\Informatica\covid-19-api\src\app\services\UpdateService.js:27:17)
[2020-06-16T15:59:14.309] [INFO] default - Cron job finished.
[2020-06-16T16:01:00.007] [INFO] default - Starting update cron.
[2020-06-16T16:01:09.225] [INFO] default - Database outdated. Downloading new data ...
[2020-06-16T16:01:15.814] [ERROR] default - Error parsing CSV file: Error: Header fields does not match the pattern.
    at csvToJSON (D:\Guillermo\Informatica\covid-19-api\src\app\services\UpdateService.js:92:23)
    at index (D:\Guillermo\Informatica\covid-19-api\src\app\services\UpdateService.js:55:26)
    at async CronJob.<anonymous> (D:\Guillermo\Informatica\covid-19-api\src\app\services\UpdateService.js:27:17)
[2020-06-16T16:01:16.122] [INFO] default - Cron job finished.
[2020-06-16T17:17:39.709] [ERROR] default - Error parsing CSV file: ReferenceError: XLSX is not defined
    at xlsxToJSON (D:\Guillermo\Informatica\covid-19-api\src\app\services\UpdateService.js:113:30)
    at Object.<anonymous> (D:\Guillermo\Informatica\covid-19-api\src\app\services\UpdateService.js:205:23)
    at Module._compile (internal/modules/cjs/loader.js:868:30)
    at Object.Module._extensions..js (internal/modules/cjs/loader.js:879:10)
    at Module.load (internal/modules/cjs/loader.js:731:32)
    at Function.Module._load (internal/modules/cjs/loader.js:644:12)
    at Function.Module.runMain (internal/modules/cjs/loader.js:931:10)
    at internal/main/run_main_module.js:17:11
[2020-06-16T17:17:59.950] [ERROR] default - Error parsing CSV file: TypeError: Cannot read property '0' of undefined
    at xlsxToJSON (D:\Guillermo\Informatica\covid-19-api\src\app\services\UpdateService.js:119:41)
    at Object.<anonymous> (D:\Guillermo\Informatica\covid-19-api\src\app\services\UpdateService.js:205:23)
    at Module._compile (internal/modules/cjs/loader.js:868:30)
    at Object.Module._extensions..js (internal/modules/cjs/loader.js:879:10)
    at Module.load (internal/modules/cjs/loader.js:731:32)
    at Function.Module._load (internal/modules/cjs/loader.js:644:12)
    at Function.Module.runMain (internal/modules/cjs/loader.js:931:10)
    at internal/main/run_main_module.js:17:11
[2020-06-16T17:21:10.770] [ERROR] default - Error parsing CSV file: TypeError: Cannot read property '0' of undefined
    at xlsxToJSON (D:\Guillermo\Informatica\covid-19-api\src\app\services\UpdateService.js:119:41)
    at Object.<anonymous> (D:\Guillermo\Informatica\covid-19-api\src\app\services\UpdateService.js:205:23)
    at Module._compile (internal/modules/cjs/loader.js:868:30)
    at Object.Module._extensions..js (internal/modules/cjs/loader.js:879:10)
    at Module.load (internal/modules/cjs/loader.js:731:32)
    at Function.Module._load (internal/modules/cjs/loader.js:644:12)
    at Function.Module.runMain (internal/modules/cjs/loader.js:931:10)
    at internal/main/run_main_module.js:17:11
